c:\users\pc\source\repos\first-c-project\first-c-project\x64\debug\vc143.pdb
c:\users\pc\source\repos\first-c-project\first-c-project\x64\debug\vc143.idb
c:\users\pc\source\repos\first-c-project\first-c-project\x64\debug\palindromemethod.obj
c:\users\pc\source\repos\first-c-project\first-c-project\x64\debug\first.obj
c:\users\pc\source\repos\first-c-project\first-c-project\x64\debug\multiplication.obj
c:\users\pc\source\repos\first-c-project\first-c-project\x64\debug\first-c-project.ilk
c:\users\pc\source\repos\first-c-project\x64\debug\first-c-project.pdb
c:\users\pc\source\repos\first-c-project\first-c-project\x64\debug\first-c-project.tlog\cl.command.1.tlog
c:\users\pc\source\repos\first-c-project\first-c-project\x64\debug\first-c-project.tlog\cl.items.tlog
c:\users\pc\source\repos\first-c-project\first-c-project\x64\debug\first-c-project.tlog\cl.read.1.tlog
c:\users\pc\source\repos\first-c-project\first-c-project\x64\debug\first-c-project.tlog\cl.write.1.tlog
c:\users\pc\source\repos\first-c-project\first-c-project\x64\debug\first-c-project.tlog\link.22760-cvtres.read.1.tlog
c:\users\pc\source\repos\first-c-project\first-c-project\x64\debug\first-c-project.tlog\link.22760-cvtres.write.1.tlog
c:\users\pc\source\repos\first-c-project\first-c-project\x64\debug\first-c-project.tlog\link.22760-rc.read.1.tlog
c:\users\pc\source\repos\first-c-project\first-c-project\x64\debug\first-c-project.tlog\link.22760-rc.write.1.tlog
c:\users\pc\source\repos\first-c-project\first-c-project\x64\debug\first-c-project.tlog\link.22760.read.1.tlog
c:\users\pc\source\repos\first-c-project\first-c-project\x64\debug\first-c-project.tlog\link.22760.read.2.tlog
c:\users\pc\source\repos\first-c-project\first-c-project\x64\debug\first-c-project.tlog\link.22760.read.3.tlog
c:\users\pc\source\repos\first-c-project\first-c-project\x64\debug\first-c-project.tlog\link.22760.read.4.tlog
c:\users\pc\source\repos\first-c-project\first-c-project\x64\debug\first-c-project.tlog\link.22760.write.1.tlog
c:\users\pc\source\repos\first-c-project\first-c-project\x64\debug\first-c-project.tlog\link.command.1.tlog
c:\users\pc\source\repos\first-c-project\first-c-project\x64\debug\first-c-project.tlog\link.read.1.tlog
c:\users\pc\source\repos\first-c-project\first-c-project\x64\debug\first-c-project.tlog\link.secondary.1.tlog
c:\users\pc\source\repos\first-c-project\first-c-project\x64\debug\first-c-project.tlog\link.write.1.tlog
