c:\users\pc\source\repos\stacks\stacksfirststeps\x64\debug\vc143.pdb
c:\users\pc\source\repos\stacks\stacksfirststeps\x64\debug\vc143.idb
c:\users\pc\source\repos\stacks\stacksfirststeps\x64\debug\examplestack.obj
c:\users\pc\source\repos\stacks\stacksfirststeps\x64\debug\reversestring.obj
c:\users\pc\source\repos\stacks\stacksfirststeps\x64\debug\stacksfirststeps.ilk
c:\users\pc\source\repos\stacks\stacksfirststeps\x64\debug\examplestack.obj.enc
c:\users\pc\source\repos\stacks\x64\debug\stacksfirststeps.pdb
c:\users\pc\source\repos\stacks\stacksfirststeps\x64\debug\stacksfirststeps.tlog\cl.command.1.tlog
c:\users\pc\source\repos\stacks\stacksfirststeps\x64\debug\stacksfirststeps.tlog\cl.items.tlog
c:\users\pc\source\repos\stacks\stacksfirststeps\x64\debug\stacksfirststeps.tlog\cl.read.1.tlog
c:\users\pc\source\repos\stacks\stacksfirststeps\x64\debug\stacksfirststeps.tlog\cl.write.1.tlog
c:\users\pc\source\repos\stacks\stacksfirststeps\x64\debug\stacksfirststeps.tlog\link.17368-cvtres.read.1.tlog
c:\users\pc\source\repos\stacks\stacksfirststeps\x64\debug\stacksfirststeps.tlog\link.17368-cvtres.write.1.tlog
c:\users\pc\source\repos\stacks\stacksfirststeps\x64\debug\stacksfirststeps.tlog\link.17368-rc.read.1.tlog
c:\users\pc\source\repos\stacks\stacksfirststeps\x64\debug\stacksfirststeps.tlog\link.17368-rc.write.1.tlog
c:\users\pc\source\repos\stacks\stacksfirststeps\x64\debug\stacksfirststeps.tlog\link.17368.read.1.tlog
c:\users\pc\source\repos\stacks\stacksfirststeps\x64\debug\stacksfirststeps.tlog\link.17368.read.2.tlog
c:\users\pc\source\repos\stacks\stacksfirststeps\x64\debug\stacksfirststeps.tlog\link.17368.read.3.tlog
c:\users\pc\source\repos\stacks\stacksfirststeps\x64\debug\stacksfirststeps.tlog\link.17368.read.4.tlog
c:\users\pc\source\repos\stacks\stacksfirststeps\x64\debug\stacksfirststeps.tlog\link.17368.write.1.tlog
c:\users\pc\source\repos\stacks\stacksfirststeps\x64\debug\stacksfirststeps.tlog\link.command.1.tlog
c:\users\pc\source\repos\stacks\stacksfirststeps\x64\debug\stacksfirststeps.tlog\link.read.1.tlog
c:\users\pc\source\repos\stacks\stacksfirststeps\x64\debug\stacksfirststeps.tlog\link.secondary.1.tlog
c:\users\pc\source\repos\stacks\stacksfirststeps\x64\debug\stacksfirststeps.tlog\link.write.1.tlog
